#
# There is insufficient memory for the Java Runtime Environment to continue.
# Native memory allocation (mmap) failed to map 2097152 bytes for G1 virtual space
# Possible reasons:
#   The system is out of physical RAM or swap space
#   The process is running with CompressedOops enabled, and the Java Heap may be blocking the growth of the native heap
# Possible solutions:
#   Reduce memory load on the system
#   Increase physical memory or swap space
#   Check if swap backing store is full
#   Decrease Java heap size (-Xmx/-Xms)
#   Decrease number of Java threads
#   Decrease Java thread stack sizes (-Xss)
#   Set larger code cache with -XX:ReservedCodeCacheSize=
#   JVM is running with Unscaled Compressed Oops mode in which the Java heap is
#     placed in the first 4GB address space. The Java Heap base address is the
#     maximum limit for the native heap growth. Please use -XX:HeapBaseMinAddress
#     to set the Java Heap base and to place the Java Heap above 4GB virtual address.
# This output file may be truncated or incomplete.
#
#  Out of Memory Error (./open/src/hotspot/os/windows/os_windows.cpp:3321), pid=8112, tid=7588
#
# JRE version:  (15.0.2+7) (build )
# Java VM: Java HotSpot(TM) 64-Bit Server VM (15.0.2+7-27, mixed mode, sharing, tiered, compressed oops, g1 gc, windows-amd64)
# No core dump will be written. Minidumps are not enabled by default on client versions of Windows
#

---------------  S U M M A R Y ------------

Command Line: -XX:TieredStopAtLevel=1 -Xverify:none -Dspring.output.ansi.enabled=always -Dcom.sun.management.jmxremote -Dspring.jmx.enabled=true -Dspring.liveBeansView.mbeanDomain -Dspring.application.admin.enabled=true -javaagent:C:\Program Files\JetBrains\ideaIU-2020.1.windows\lib\idea_rt.jar=62921:C:\Program Files\JetBrains\ideaIU-2020.1.windows\bin -Dfile.encoding=UTF-8 my.anatoliy57.gasstation.Application

Host: Intel(R) Core(TM)2 Quad CPU    Q9550  @ 2.83GHz, 4 cores, 7G,  Windows 10 , 64 bit Build 19041 (10.0.19041.546)
Time: Sat May 22 11:01:59 2021 RTZ 2 (зима) elapsed time: 0.032711 seconds (0d 0h 0m 0s)

---------------  T H R E A D  ---------------

Current thread (0x000001ea7c7efea0):  JavaThread "Unknown thread" [_thread_in_vm, id=7588, stack(0x0000005199900000,0x0000005199a00000)]

Stack: [0x0000005199900000,0x0000005199a00000]
Native frames: (J=compiled Java code, j=interpreted, Vv=VM code, C=native code)
V  [jvm.dll+0x62ae9a]
V  [jvm.dll+0x7817a9]
V  [jvm.dll+0x782f03]
V  [jvm.dll+0x783563]
V  [jvm.dll+0x216325]
V  [jvm.dll+0x6281d9]
V  [jvm.dll+0x61cf55]
V  [jvm.dll+0x2cffdd]
V  [jvm.dll+0x2cfe42]
V  [jvm.dll+0x2d5e1c]
V  [jvm.dll+0x325933]
V  [jvm.dll+0x324fd4]
V  [jvm.dll+0x2a6f5a]
V  [jvm.dll+0x2a80f8]
V  [jvm.dll+0x75e241]
V  [jvm.dll+0x3341c4]
V  [jvm.dll+0x73e926]
V  [jvm.dll+0x3b7557]
V  [jvm.dll+0x3b8fe1]
C  [jli.dll+0x52fb]
C  [ucrtbase.dll+0x214c2]
C  [KERNEL32.DLL+0x17034]
C  [ntdll.dll+0x4cec1]


---------------  P R O C E S S  ---------------

Threads class SMR info:
_java_thread_list=0x00007ffb63434ff0, length=0, elements={
}

Java Threads: ( => current thread )

Other Threads:
  0x000001ea7c82f480 GCTaskThread "GC Thread#0" [stack: 0x0000005199a00000,0x0000005199b00000] [id=1320]
  0x000001ea7c8416e0 ConcurrentGCThread "G1 Main Marker" [stack: 0x0000005199b00000,0x0000005199c00000] [id=6872]
  0x000001ea7c8422d0 ConcurrentGCThread "G1 Conc#0" [stack: 0x0000005199c00000,0x0000005199d00000] [id=10872]

[error occurred during error reporting (printing all threads), id 0xc0000005, EXCEPTION_ACCESS_VIOLATION (0xc0000005) at pc=0x00007ffb62c27e27]

VM state: not at safepoint (not fully initialized)

VM Mutex/Monitor currently owned by a thread:  ([mutex/lock_event])
[0x000001ea7c7eb0b0] Heap_lock - owner thread: 0x000001ea7c7efea0

Heap address: 0x0000000080000000, size: 2048 MB, Compressed Oops mode: 32-bit
CDS archive(s) mapped at: [0x0000000000000000-0x0000000000000000-0x0000000000000000), size 0, SharedBaseAddress: 0x0000000800000000, ArchiveRelocationMode: 0.
Narrow klass base: 0x0000000000000000, Narrow klass shift: 0, Narrow klass range: 0x0

Heap:
 garbage-first heap   total 131072K, used 0K [0x0000000080000000, 0x0000000100000000)
  region size 1024K, 0 young (0K), 0 survivors (0K)
 Metaspace       used 0K, capacity 0K, committed 0K, reserved 0K
  class space    used 0K, capacity 0K, committed 0K, reserved 0K

Heap Regions: E=young(eden), S=young(survivor), O=old, HS=humongous(starts), HC=humongous(continues), CS=collection set, F=free, OA=open archive, CA=closed archive, TAMS=top-at-mark-start (previous, next)

Card table byte_map: [0x000001ea7ccc0000,0x000001ea7d0c0000] _byte_map_base: 0x000001ea7c8c0000

Marking Bits (Prev, Next): (CMBitMap*) 0x000001ea7c82fcf0, (CMBitMap*) 0x000001ea7c82fd30
 Prev Bits: [0x000001ea7d4c0000, 0x000001ea7f4c0000)
 Next Bits: [0x000001ea17160000, 0x000001ea19160000)

GC Heap History (0 events):
No events

Deoptimization events (0 events):
No events

Classes unloaded (0 events):
No events

Classes redefined (0 events):
No events

Internal exceptions (0 events):
No events

Events (1 events):
Event: 0.014 Loaded shared library C:\Program Files\Java\jdk-15.0.2\bin\java.dll


Dynamic libraries:
0x00007ff6cc7f0000 - 0x00007ff6cc7ff000 	C:\Program Files\Java\jdk-15.0.2\bin\java.exe
0x00007ffba3550000 - 0x00007ffba3746000 	C:\WINDOWS\SYSTEM32\ntdll.dll
0x00007ffba2480000 - 0x00007ffba253d000 	C:\WINDOWS\System32\KERNEL32.DLL
0x00007ffba10a0000 - 0x00007ffba1368000 	C:\WINDOWS\System32\KERNELBASE.dll
0x00007ffba0ca0000 - 0x00007ffba0da0000 	C:\WINDOWS\System32\ucrtbase.dll
0x00007ffb9be30000 - 0x00007ffb9be48000 	C:\Program Files\Java\jdk-15.0.2\bin\jli.dll
0x00007ffba23d0000 - 0x00007ffba247a000 	C:\WINDOWS\System32\ADVAPI32.dll
0x00007ffba1eb0000 - 0x00007ffba1f4e000 	C:\WINDOWS\System32\msvcrt.dll
0x00007ffba2be0000 - 0x00007ffba2c7b000 	C:\WINDOWS\System32\sechost.dll
0x00007ffba2540000 - 0x00007ffba2664000 	C:\WINDOWS\System32\RPCRT4.dll
0x00007ffba3230000 - 0x00007ffba33d0000 	C:\WINDOWS\System32\USER32.dll
0x00007ffba1480000 - 0x00007ffba14a2000 	C:\WINDOWS\System32\win32u.dll
0x00007ffba2bb0000 - 0x00007ffba2bda000 	C:\WINDOWS\System32\GDI32.dll
0x00007ffba1370000 - 0x00007ffba1479000 	C:\WINDOWS\System32\gdi32full.dll
0x00007ffba0dd0000 - 0x00007ffba0e6d000 	C:\WINDOWS\System32\msvcp_win.dll
0x00007ffb8d8b0000 - 0x00007ffb8db4b000 	C:\WINDOWS\WinSxS\amd64_microsoft.windows.common-controls_6595b64144ccf1df_6.0.19041.488_none_ca04af081b815d21\COMCTL32.dll
0x00007ffb9f4a0000 - 0x00007ffb9f4aa000 	C:\WINDOWS\SYSTEM32\VERSION.dll
0x00007ffb95760000 - 0x00007ffb95779000 	C:\Program Files\Java\jdk-15.0.2\bin\VCRUNTIME140.dll
0x00007ffba23a0000 - 0x00007ffba23d0000 	C:\WINDOWS\System32\IMM32.DLL
0x00007ffb9e950000 - 0x00007ffb9e95c000 	C:\Program Files\Java\jdk-15.0.2\bin\vcruntime140_1.dll
0x00007ffb6ee10000 - 0x00007ffb6eea1000 	C:\Program Files\Java\jdk-15.0.2\bin\msvcp140.dll
0x00007ffb62970000 - 0x00007ffb634ce000 	C:\Program Files\Java\jdk-15.0.2\bin\server\jvm.dll
0x00007ffba29c0000 - 0x00007ffba29c8000 	C:\WINDOWS\System32\PSAPI.DLL
0x00007ffb84bd0000 - 0x00007ffb84bd9000 	C:\WINDOWS\SYSTEM32\WSOCK32.dll
0x00007ffba2310000 - 0x00007ffba237b000 	C:\WINDOWS\System32\WS2_32.dll
0x00007ffb910f0000 - 0x00007ffb91117000 	C:\WINDOWS\SYSTEM32\WINMM.dll
0x00007ffb9f5d0000 - 0x00007ffb9f5e2000 	C:\WINDOWS\SYSTEM32\kernel.appcore.dll
0x00007ffb9be20000 - 0x00007ffb9be2a000 	C:\Program Files\Java\jdk-15.0.2\bin\jimage.dll
0x00007ffb8a650000 - 0x00007ffb8a834000 	C:\WINDOWS\SYSTEM32\DBGHELP.DLL
0x00007ffb8a440000 - 0x00007ffb8a46c000 	C:\WINDOWS\SYSTEM32\dbgcore.DLL
0x00007ffba1020000 - 0x00007ffba109f000 	C:\WINDOWS\System32\bcryptPrimitives.dll
0x00007ffb98520000 - 0x00007ffb9852e000 	C:\Program Files\Java\jdk-15.0.2\bin\instrument.dll
0x00007ffb8ae60000 - 0x00007ffb8ae85000 	C:\Program Files\Java\jdk-15.0.2\bin\java.dll

dbghelp: loaded successfully - version: 4.0.5 - missing functions: none
symbol engine: initialized successfully - sym options: 0x614 - pdb path: .;C:\Program Files\Java\jdk-15.0.2\bin;C:\WINDOWS\SYSTEM32;C:\WINDOWS\WinSxS\amd64_microsoft.windows.common-controls_6595b64144ccf1df_6.0.19041.488_none_ca04af081b815d21;C:\Program Files\Java\jdk-15.0.2\bin\server

VM Arguments:
jvm_args: -XX:TieredStopAtLevel=1 -Xverify:none -Dspring.output.ansi.enabled=always -Dcom.sun.management.jmxremote -Dspring.jmx.enabled=true -Dspring.liveBeansView.mbeanDomain -Dspring.application.admin.enabled=true -javaagent:C:\Program Files\JetBrains\ideaIU-2020.1.windows\lib\idea_rt.jar=62921:C:\Program Files\JetBrains\ideaIU-2020.1.windows\bin -Dfile.encoding=UTF-8 
java_command: my.anatoliy57.gasstation.Application
java_class_path (initial): C:\Users\Anatoliy\Dev\Java\GasStation\target\classes;C:\Users\Anatoliy\.m2\repository\org\springframework\boot\spring-boot-starter\2.4.3\spring-boot-starter-2.4.3.jar;C:\Users\Anatoliy\.m2\repository\org\springframework\boot\spring-boot\2.4.3\spring-boot-2.4.3.jar;C:\Users\Anatoliy\.m2\repository\org\springframework\spring-context\5.3.4\spring-context-5.3.4.jar;C:\Users\Anatoliy\.m2\repository\org\springframework\boot\spring-boot-autoconfigure\2.4.3\spring-boot-autoconfigure-2.4.3.jar;C:\Users\Anatoliy\.m2\repository\org\springframework\boot\spring-boot-starter-logging\2.4.3\spring-boot-starter-logging-2.4.3.jar;C:\Users\Anatoliy\.m2\repository\ch\qos\logback\logback-classic\1.2.3\logback-classic-1.2.3.jar;C:\Users\Anatoliy\.m2\repository\ch\qos\logback\logback-core\1.2.3\logback-core-1.2.3.jar;C:\Users\Anatoliy\.m2\repository\org\apache\logging\log4j\log4j-to-slf4j\2.13.3\log4j-to-slf4j-2.13.3.jar;C:\Users\Anatoliy\.m2\repository\org\apache\logging\log4j\log4j-api\2.13.3\log4j-api-2.13.3.jar;C:\Users\Anatoliy\.m2\repository\org\slf4j\jul-to-slf4j\1.7.30\jul-to-slf4j-1.7.30.jar;C:\Users\Anatoliy\.m2\repository\jakarta\annotation\jakarta.annotation-api\1.3.5\jakarta.annotation-api-1.3.5.jar;C:\Users\Anatoliy\.m2\repository\org\springframework\spring-core\5.3.4\spring-core-5.3.4.jar;C:\Users\Anatoliy\.m2\repository\org\springframework\spring-jcl\5.3.4\spring-jcl-5.3.4.jar;C:\Users\Anatoliy\.m2\repository\org\yaml\snakeyaml\1.27\snakeyaml-1.27.jar;C:\Users\Anatoliy\.m2\repository\org\springframework\boot\spring-boot-starter-data-jpa\2.4.3\spring-boot-starter-data-jpa-2.4.3.jar;C:\Users\Anatoliy\.m2\repository\org\springframework\boot\spring-boot-starter-aop\2.4.3\spring-boot-starter-aop-2.4.3.jar;C:\Users\Anatoliy\.m2\repository\org\springframework\spring-aop\5.3.4\spring-aop-5.3.4.jar;C:\Users\Anatoliy\.m2\repository\org\aspectj\aspectjweaver\1.9.6\aspectjweaver-1.9.6.jar;C:\Users\Anatoliy\.m2\repository\org\springframework\boot\spring-boo
Launcher Type: SUN_STANDARD

[Global flags]
     intx CICompilerCount                          = 3                                         {product} {ergonomic}
     uint ConcGCThreads                            = 1                                         {product} {ergonomic}
     uint G1ConcRefinementThreads                  = 4                                         {product} {ergonomic}
   size_t G1HeapRegionSize                         = 1048576                                   {product} {ergonomic}
    uintx GCDrainStackTargetSize                   = 64                                        {product} {ergonomic}
   size_t InitialHeapSize                          = 134217728                                 {product} {ergonomic}
     bool ManagementServer                         = true                                      {product} {command line}
   size_t MarkStackSize                            = 4194304                                   {product} {ergonomic}
   size_t MaxHeapSize                              = 2147483648                                {product} {ergonomic}
   size_t MinHeapDeltaBytes                        = 1048576                                   {product} {ergonomic}
   size_t MinHeapSize                              = 8388608                                   {product} {ergonomic}
    uintx NonNMethodCodeHeapSize                   = 6973028                                {pd product} {ergonomic}
    uintx NonProfiledCodeHeapSize                  = 244685212                              {pd product} {ergonomic}
    uintx ProfiledCodeHeapSize                     = 0                                      {pd product} {ergonomic}
    uintx ReservedCodeCacheSize                    = 251658240                              {pd product} {ergonomic}
     bool SegmentedCodeCache                       = true                                      {product} {ergonomic}
   size_t SoftMaxHeapSize                          = 2147483648                             {manageable} {ergonomic}
     intx TieredStopAtLevel                        = 1                                         {product} {command line}
     bool UseCompressedClassPointers               = true                                 {lp64_product} {ergonomic}
     bool UseCompressedOops                        = true                                 {lp64_product} {ergonomic}
     bool UseG1GC                                  = true                                      {product} {ergonomic}
     bool UseLargePagesIndividualAllocation        = false                                  {pd product} {ergonomic}

Logging:
Log output configuration:
 #0: stdout all=warning uptime,level,tags
 #1: stderr all=off uptime,level,tags

Environment Variables:
JAVA_HOME=C:\Program Files\Java\jdk-11.0.9
PATH=C:\Program Files\ConEmu\ConEmu\Scripts;C:\ProgramData\DockerDesktop\version-bin;C:\Program Files\Docker\Docker\Resources\bin;C:\Oraclesuka\WINDOWS.X64_193000_db_home\bin;D:\WINDOWS.X64_193000_db_home\bin;C:\Program Files\Common Files\Oracle\Java\javapath;C:\Python39\Scripts\;C:\Python39\;C:\Program Files (x86)\Common Files\Oracle\Java\javapath;C:\WINDOWS\system32;C:\WINDOWS;C:\WINDOWS\System32\Wbem;C:\WINDOWS\System32\WindowsPowerShell\v1.0\;C:\WINDOWS\System32\OpenSSH\;C:\Program Files\Git\cmd;C:\Program Files (x86)\NVIDIA Corporation\PhysX\Common;C:\Program Files\NVIDIA Corporation\NVIDIA NvDLISR;C:\Program Files\MiKTeX\miktex\bin\x64\;C:\Program Files\apache-maven-3.6.3\bin;C:\Program Files\nodejs\;C:\ProgramData\chocolatey\bin;C:\Program Files (x86)\Yarn\bin\;C:\Program Files\dotnet\;C:\Program Files\ConEmu\ConEmu\Scripts;C:\Program Files\ConEmu;C:\Program Files\ConEmu\ConEmu;C:\Users\Anatoliy\AppData\Local\Microsoft\WindowsApps;C:\Users\Anatoliy\AppData\Local\Programs\Microsoft VS Code\bin;C:\Users\Anatoliy\AppData\Roaming\npm;C:\Users\Anatoliy\AppData\Local\Yarn\bin;C:\Program Files\JetBrains\JetBrains Rider 2020.2.4\bin;C:\Program Files\MethodScript;C:\Program Files\ConEmu\ConEmu\Scripts;C:\Program Files\ConEmu;C:\Program Files\ConEmu\ConEmu;D:\WINDOWS.X64_193000_db_home\bin;C:\Program Files (x86)\Common Files\Oracle\Java\javapath;C:\WINDOWS\system32;C:\WINDOWS;C:\WINDOWS\System32\Wbem;C:\WINDOWS\System32\WindowsPowerShell\v1.0\;C:\WINDOWS\System32\OpenSSH\;C:\Program Files\Git\cmd;C:\Program Files (x86)\NVIDIA Corporation\PhysX\Common;C:\Program Files\NVIDIA Corporation\NVIDIA NvDLISR;C:\Program Files\MiKTeX\miktex\bin\x64\;C:\Program Files\apache-maven-3.6.3\bin;C:\Users\Anatoliy\AppData\Local\Microsoft\WindowsApps;C:\Users\Anatoliy\AppData\Local\Programs\Microsoft VS Code\bin;C:\Program Files\apache-maven-3.6.3\bin;C:\Users\Anatoliy\AppData\Roaming\npm;C:\Users\Anatoliy\AppData\Local\Yarn\bin;C:\Program Files\JetBrains\JetBrains Rider 2020.2.4\bin;;C:\Pr
USERNAME=Anatoliy
OS=Windows_NT
PROCESSOR_IDENTIFIER=Intel64 Family 6 Model 23 Stepping 10, GenuineIntel



---------------  S Y S T E M  ---------------

OS:
 Windows 10 , 64 bit Build 19041 (10.0.19041.546)
OS uptime: 0 days 16:24 hours

CPU: total 4 (initial active 4) (4 cores per cpu, 1 threads per core) family 6 model 23 stepping 10 microcode 0xa0c, cmov, cx8, fxsr, mmx, sse, sse2, sse3, ssse3, sse4.1, tsc, clflush

Memory: 4k page, system-wide physical 8191M (1506M free)
TotalPageFile size 12287M (AvailPageFile size 207M)
current process WorkingSet (physical memory assigned to process): 10M, peak: 10M
current process commit charge ("private bytes"): 179M, peak: 181M

vm_info: Java HotSpot(TM) 64-Bit Server VM (15.0.2+7-27) for windows-amd64 JRE (15.0.2+7-27), built on Dec  7 2020 20:07:01 by "mach5one" with unknown MS VC++:1925

END.
